<?xml version="1.0" encoding="UTF-8"?>
<!-- Generated by org.testng.reporters.JUnitReportReporter -->
<testsuite hostname="Krishnas-MacBook-Pro-3.local" failures="0" tests="2" name="SalesForceAutomation.com.automation.AutomationScript_Test" time="39.158" errors="0" timestamp="19 Jul 2019 04:39:18 GMT" skipped="0">
  <testcase classname="SalesForceAutomation.com.automation.AutomationScript_Test" name="testCase1" time="19.591"/>
  <testcase classname="SalesForceAutomation.com.automation.AutomationScript_Test" name="testCase3" time="19.567"/>
</testsuite> <!-- SalesForceAutomation.com.automation.AutomationScript_Test -->
