<?xml version="1.0" encoding="UTF-8"?>
<!-- Generated by org.testng.reporters.JUnitReportReporter -->
<testsuite hostname="Krishnas-MacBook-Pro-3.local" failures="0" tests="4" name="SalesForceAutomation.com.automation.AutomationScript" time="51.363" errors="0" timestamp="18 Jul 2019 01:03:50 GMT" skipped="0">
  <testcase classname="SalesForceAutomation.com.automation.AutomationScript" name="initialize_driver" time="3.438"/>
  <testcase classname="SalesForceAutomation.com.automation.AutomationScript" name="launchURL" time="7.642"/>
  <testcase classname="SalesForceAutomation.com.automation.AutomationScript" name="testCase1" time="18.676"/>
  <testcase classname="SalesForceAutomation.com.automation.AutomationScript" name="testCase3" time="21.607"/>
</testsuite> <!-- SalesForceAutomation.com.automation.AutomationScript -->
