<?xml version="1.0" encoding="UTF-8"?>
<!-- Generated by org.testng.reporters.JUnitReportReporter -->
<testsuite hostname="Krishnas-MacBook-Pro-3.local" failures="0" tests="2" name="SalesForceAutomation.com.automation.AutomationScript_Test" time="64.494" errors="0" timestamp="19 Jul 2019 00:50:34 GMT" skipped="0">
  <testcase classname="SalesForceAutomation.com.automation.AutomationScript_Test" name="testCase1" time="31.244"/>
  <testcase classname="SalesForceAutomation.com.automation.AutomationScript_Test" name="testCase3" time="33.250"/>
</testsuite> <!-- SalesForceAutomation.com.automation.AutomationScript_Test -->
